Conversión de Solid Edge en STL
Fecha: martes,mayo 06,2025 03:38
Archivo fuente:C:\Users\diego\OneDrive - Universidad Carlos III de Madrid\Universidad\Humanoides\pie.par
Sistema fuente: SOLID EDGE

Hardware:
Procesador: AMD Ryzen 9 7900X 12-Core Processor            
Sistema operativo: Windows 10
Memoria instalada: 31,18 GB

Información sobre el software:
Versión de Parasolid: 36.0.142
Versión de PSBodyShop: 36.0.108
Versión del adaptador STL: 13.0.193
Versión de Solid Edge: 224.00.00.101 x64

Opciones de exportación de STL:
Formato de la carpeta de salida:BINARY
Exportar las piezas visualizadas: Desactivado
Opción estructural: Monolithic
Unidades de exportación: Millimeter
Valor de la tolerancia de exportación:0,050000
Tipo de tolerancia de exportación: Custom
Valor del ángulo plano de superficie de exportación:0,523599

Avance en la conversión:
Se completó el proceso de conversión
Tiempo necesario para convertir:00 : 00 : 01
